2019-05-28 03:30:18.426+0000 WARN [o.n.k.i.JvmChecker] You are using an unsupported version of the Java runtime. Please use Oracle(R) Java(TM) Runtime Environment 8, OpenJDK(TM) 8 or IBM J9.
2019-05-28 03:30:18.456+0000 WARN [o.n.i.p.PageCache] The dbms.memory.pagecache.size setting has not been configured. It is recommended that this setting is always explicitly configured, to ensure the system has a balanced configuration. Until then, a computed heuristic value of 3221225472 bytes will be used instead. Run `neo4j-admin memrec` for memory configuration suggestions.
2019-05-28 03:30:18.873+0000 INFO [o.n.k.i.f.CommunityEditionModule] No locking implementation specified, defaulting to 'community'
2019-05-28 03:30:19.031+0000 INFO [o.n.k.AvailabilityGuard] Requirement makes database unavailable: Database available
2019-05-28 03:30:19.053+0000 INFO [o.n.k.i.DiagnosticsManager] --- INITIALIZED diagnostics START ---
2019-05-28 03:30:19.053+0000 INFO [o.n.k.i.DiagnosticsManager] Neo4j Kernel properties:
2019-05-28 03:30:19.053+0000 INFO [o.n.k.i.DiagnosticsManager] unsupported.dbms.directories.neo4j_home=/Users/emma/Desktop/TutorMonash/FIT5171/Assignments/Assignment_3/a3_code/target/rockets
2019-05-28 03:30:19.053+0000 INFO [o.n.k.i.DiagnosticsManager] unsupported.dbms.edition=community
2019-05-28 03:30:19.053+0000 INFO [o.n.k.i.DiagnosticsManager] unsupported.dbms.ephemeral=false
2019-05-28 03:30:19.054+0000 INFO [o.n.k.i.DiagnosticsManager] Diagnostics providers:
2019-05-28 03:30:19.054+0000 INFO [o.n.k.i.DiagnosticsManager] org.neo4j.kernel.configuration.Config
2019-05-28 03:30:19.054+0000 INFO [o.n.k.i.DiagnosticsManager] org.neo4j.kernel.info.DiagnosticsManager
2019-05-28 03:30:19.054+0000 INFO [o.n.k.i.DiagnosticsManager] SYSTEM_MEMORY
2019-05-28 03:30:19.054+0000 INFO [o.n.k.i.DiagnosticsManager] JAVA_MEMORY
2019-05-28 03:30:19.054+0000 INFO [o.n.k.i.DiagnosticsManager] OPERATING_SYSTEM
2019-05-28 03:30:19.054+0000 INFO [o.n.k.i.DiagnosticsManager] JAVA_VIRTUAL_MACHINE
2019-05-28 03:30:19.054+0000 INFO [o.n.k.i.DiagnosticsManager] CLASSPATH
2019-05-28 03:30:19.054+0000 INFO [o.n.k.i.DiagnosticsManager] LIBRARY_PATH
2019-05-28 03:30:19.054+0000 INFO [o.n.k.i.DiagnosticsManager] SYSTEM_PROPERTIES
2019-05-28 03:30:19.054+0000 INFO [o.n.k.i.DiagnosticsManager] NETWORK
2019-05-28 03:30:19.055+0000 INFO [o.n.k.i.DiagnosticsManager] System memory information:
2019-05-28 03:30:19.056+0000 INFO [o.n.k.i.DiagnosticsManager] Total Physical memory: 8.00 GB
2019-05-28 03:30:19.057+0000 INFO [o.n.k.i.DiagnosticsManager] Free Physical memory: 86.34 MB
2019-05-28 03:30:19.058+0000 INFO [o.n.k.i.DiagnosticsManager] Committed virtual memory: 7.74 GB
2019-05-28 03:30:19.058+0000 INFO [o.n.k.i.DiagnosticsManager] Total swap space: 2.00 GB
2019-05-28 03:30:19.059+0000 INFO [o.n.k.i.DiagnosticsManager] Free swap space: 1.19 GB
2019-05-28 03:30:19.059+0000 INFO [o.n.k.i.DiagnosticsManager] JVM memory information:
2019-05-28 03:30:19.059+0000 INFO [o.n.k.i.DiagnosticsManager] Free  memory: 79.13 MB
2019-05-28 03:30:19.059+0000 INFO [o.n.k.i.DiagnosticsManager] Total memory: 128.00 MB
2019-05-28 03:30:19.059+0000 INFO [o.n.k.i.DiagnosticsManager] Max   memory: 2.00 GB
2019-05-28 03:30:19.061+0000 INFO [o.n.k.i.DiagnosticsManager] Garbage Collector: G1 Young Generation: [G1 Eden Space, G1 Survivor Space]
2019-05-28 03:30:19.062+0000 INFO [o.n.k.i.DiagnosticsManager] Garbage Collector: G1 Old Generation: [G1 Eden Space, G1 Survivor Space, G1 Old Gen]
2019-05-28 03:30:19.064+0000 INFO [o.n.k.i.DiagnosticsManager] Memory Pool: CodeHeap 'non-nmethods' (Non-heap memory): committed=2.44 MB, used=1.12 MB, max=5.57 MB, threshold=0.00 B
2019-05-28 03:30:19.065+0000 INFO [o.n.k.i.DiagnosticsManager] Memory Pool: Metaspace (Non-heap memory): committed=24.63 MB, used=23.81 MB, max=-1.00 B, threshold=0.00 B
2019-05-28 03:30:19.065+0000 INFO [o.n.k.i.DiagnosticsManager] Memory Pool: CodeHeap 'profiled nmethods' (Non-heap memory): committed=4.13 MB, used=4.12 MB, max=117.21 MB, threshold=0.00 B
2019-05-28 03:30:19.066+0000 INFO [o.n.k.i.DiagnosticsManager] Memory Pool: Compressed Class Space (Non-heap memory): committed=2.88 MB, used=2.63 MB, max=1.00 GB, threshold=0.00 B
2019-05-28 03:30:19.066+0000 INFO [o.n.k.i.DiagnosticsManager] Memory Pool: G1 Eden Space (Heap memory): committed=49.00 MB, used=30.00 MB, max=-1.00 B, threshold=?
2019-05-28 03:30:19.066+0000 INFO [o.n.k.i.DiagnosticsManager] Memory Pool: G1 Old Gen (Heap memory): committed=72.00 MB, used=10.37 MB, max=2.00 GB, threshold=0.00 B
2019-05-28 03:30:19.067+0000 INFO [o.n.k.i.DiagnosticsManager] Memory Pool: G1 Survivor Space (Heap memory): committed=7.00 MB, used=7.00 MB, max=-1.00 B, threshold=?
2019-05-28 03:30:19.067+0000 INFO [o.n.k.i.DiagnosticsManager] Memory Pool: CodeHeap 'non-profiled nmethods' (Non-heap memory): committed=2.44 MB, used=957.00 kB, max=117.22 MB, threshold=0.00 B
2019-05-28 03:30:19.067+0000 INFO [o.n.k.i.DiagnosticsManager] Operating system information:
2019-05-28 03:30:19.069+0000 INFO [o.n.k.i.DiagnosticsManager] Operating System: Mac OS X; version: 10.14.4; arch: x86_64; cpus: 8
2019-05-28 03:30:19.069+0000 INFO [o.n.k.i.DiagnosticsManager] Max number of file descriptors: 10240
2019-05-28 03:30:19.070+0000 INFO [o.n.k.i.DiagnosticsManager] Number of open file descriptors: 120
2019-05-28 03:30:19.076+0000 INFO [o.n.k.i.DiagnosticsManager] Process id: 4631@Yan's Mac Pro
2019-05-28 03:30:19.077+0000 INFO [o.n.k.i.DiagnosticsManager] Byte order: LITTLE_ENDIAN
2019-05-28 03:30:19.077+0000 INFO [o.n.k.i.DiagnosticsManager] Local timezone: Australia/Melbourne
2019-05-28 03:30:19.077+0000 INFO [o.n.k.i.DiagnosticsManager] JVM information:
2019-05-28 03:30:19.077+0000 INFO [o.n.k.i.DiagnosticsManager] VM Name: OpenJDK 64-Bit Server VM
2019-05-28 03:30:19.077+0000 INFO [o.n.k.i.DiagnosticsManager] VM Vendor: "Oracle Corporation"
2019-05-28 03:30:19.077+0000 INFO [o.n.k.i.DiagnosticsManager] VM Version: 10.0.2+13
2019-05-28 03:30:19.077+0000 INFO [o.n.k.i.DiagnosticsManager] JIT compiler: HotSpot 64-Bit Tiered Compilers
2019-05-28 03:30:19.078+0000 INFO [o.n.k.i.DiagnosticsManager] VM Arguments: [-javaagent:/Applications/IntelliJ IDEA CE.app/Contents/lib/idea_rt.jar=60014:/Applications/IntelliJ IDEA CE.app/Contents/bin, -Dfile.encoding=UTF-8]
2019-05-28 03:30:19.078+0000 INFO [o.n.k.i.DiagnosticsManager] Java classpath:
2019-05-28 03:30:19.080+0000 INFO [o.n.k.i.DiagnosticsManager]  [classpath] /Users/emma/.m2/repository/com/google/guava/guava/24.0-jre/guava-24.0-jre.jar
2019-05-28 03:30:19.080+0000 INFO [o.n.k.i.DiagnosticsManager]  [classpath] /Users/emma/.m2/repository/org/apache/logging/log4j/log4j-slf4j-impl/2.11.0/log4j-slf4j-impl-2.11.0.jar
2019-05-28 03:30:19.080+0000 INFO [o.n.k.i.DiagnosticsManager]  [classpath] /Users/emma/.m2/repository/org/neo4j/neo4j-collections/3.3.4/neo4j-collections-3.3.4.jar
2019-05-28 03:30:19.081+0000 INFO [o.n.k.i.DiagnosticsManager]  [classpath] /Users/emma/.m2/repository/org/apache/lucene/lucene-core/5.5.0/lucene-core-5.5.0.jar
2019-05-28 03:30:19.081+0000 INFO [o.n.k.i.DiagnosticsManager]  [classpath] /Users/emma/.m2/repository/org/ow2/asm/asm/5.2/asm-5.2.jar
2019-05-28 03:30:19.081+0000 INFO [o.n.k.i.DiagnosticsManager]  [classpath] /Users/emma/.m2/repository/org/freemarker/freemarker/2.3.26-incubating/freemarker-2.3.26-incubating.jar
2019-05-28 03:30:19.081+0000 INFO [o.n.k.i.DiagnosticsManager]  [classpath] /Users/emma/.m2/repository/org/apache/lucene/lucene-analyzers-common/5.5.0/lucene-analyzers-common-5.5.0.jar
2019-05-28 03:30:19.081+0000 INFO [o.n.k.i.DiagnosticsManager]  [classpath] /Users/emma/.m2/repository/org/neo4j/neo4j-kernel/3.3.4/neo4j-kernel-3.3.4.jar
2019-05-28 03:30:19.081+0000 INFO [o.n.k.i.DiagnosticsManager]  [classpath] /Users/emma/.m2/repository/org/eclipse/jetty/jetty-util/9.4.8.v20171121/jetty-util-9.4.8.v20171121.jar
2019-05-28 03:30:19.081+0000 INFO [o.n.k.i.DiagnosticsManager]  [classpath] /Users/emma/.m2/repository/org/junit/platform/junit-platform-commons/1.3.2/junit-platform-commons-1.3.2.jar
2019-05-28 03:30:19.081+0000 INFO [o.n.k.i.DiagnosticsManager]  [classpath] /Users/emma/.m2/repository/org/eclipse/jetty/websocket/websocket-client/9.4.8.v20171121/websocket-client-9.4.8.v20171121.jar
2019-05-28 03:30:19.081+0000 INFO [o.n.k.i.DiagnosticsManager]  [classpath] /Users/emma/.m2/repository/org/eclipse/jetty/jetty-xml/9.4.8.v20171121/jetty-xml-9.4.8.v20171121.jar
2019-05-28 03:30:19.081+0000 INFO [o.n.k.i.DiagnosticsManager]  [classpath] /Users/emma/.m2/repository/org/neo4j/neo4j-cypher-frontend-3.2/3.2.9/neo4j-cypher-frontend-3.2-3.2.9.jar
2019-05-28 03:30:19.081+0000 INFO [o.n.k.i.DiagnosticsManager]  [classpath] /Users/emma/.m2/repository/org/neo4j/neo4j-cypher-compiler-2.3/2.3.12/neo4j-cypher-compiler-2.3-2.3.12.jar
2019-05-28 03:30:19.082+0000 INFO [o.n.k.i.DiagnosticsManager]  [classpath] /Users/emma/.m2/repository/org/neo4j/neo4j-cypher-logical-plans-3.3/3.3.4/neo4j-cypher-logical-plans-3.3-3.3.4.jar
2019-05-28 03:30:19.082+0000 INFO [o.n.k.i.DiagnosticsManager]  [classpath] /Users/emma/.m2/repository/org/apache/commons/commons-lang3/3.7/commons-lang3-3.7.jar
2019-05-28 03:30:19.082+0000 INFO [o.n.k.i.DiagnosticsManager]  [classpath] /Users/emma/.m2/repository/org/neo4j/neo4j-cypher-frontend-3.1/3.1.6/neo4j-cypher-frontend-3.1-3.1.6.jar
2019-05-28 03:30:19.082+0000 INFO [o.n.k.i.DiagnosticsManager]  [classpath] /Users/emma/.m2/repository/org/apache/logging/log4j/log4j-core/2.11.0/log4j-core-2.11.0.jar
2019-05-28 03:30:19.082+0000 INFO [o.n.k.i.DiagnosticsManager]  [classpath] /Users/emma/.m2/repository/org/eclipse/jetty/jetty-http/9.4.8.v20171121/jetty-http-9.4.8.v20171121.jar
2019-05-28 03:30:19.082+0000 INFO [o.n.k.i.DiagnosticsManager]  [classpath] /Users/emma/.m2/repository/org/neo4j/neo4j-udc/3.3.4/neo4j-udc-3.3.4.jar
2019-05-28 03:30:19.082+0000 INFO [o.n.k.i.DiagnosticsManager]  [classpath] /Users/emma/.m2/repository/org/apache/commons/commons-text/1.1/commons-text-1.1.jar
2019-05-28 03:30:19.082+0000 INFO [o.n.k.i.DiagnosticsManager]  [classpath] /Users/emma/.m2/repository/org/eclipse/jetty/jetty-client/9.4.8.v20171121/jetty-client-9.4.8.v20171121.jar
2019-05-28 03:30:19.082+0000 INFO [o.n.k.i.DiagnosticsManager]  [classpath] /Users/emma/.m2/repository/net/bytebuddy/byte-buddy/1.7.9/byte-buddy-1.7.9.jar
2019-05-28 03:30:19.082+0000 INFO [o.n.k.i.DiagnosticsManager]  [classpath] /Users/emma/.m2/repository/com/fasterxml/jackson/core/jackson-core/2.7.1/jackson-core-2.7.1.jar
2019-05-28 03:30:19.082+0000 INFO [o.n.k.i.DiagnosticsManager]  [classpath] /Users/emma/.m2/repository/org/slf4j/slf4j-api/1.8.0-alpha2/slf4j-api-1.8.0-alpha2.jar
2019-05-28 03:30:19.082+0000 INFO [o.n.k.i.DiagnosticsManager]  [classpath] /Users/emma/.m2/repository/org/apiguardian/apiguardian-api/1.0.0/apiguardian-api-1.0.0.jar
2019-05-28 03:30:19.082+0000 INFO [o.n.k.i.DiagnosticsManager]  [classpath] /Users/emma/.m2/repository/org/neo4j/neo4j-import-tool/3.3.4/neo4j-import-tool-3.3.4.jar
2019-05-28 03:30:19.082+0000 INFO [o.n.k.i.DiagnosticsManager]  [classpath] /Users/emma/.m2/repository/org/neo4j/neo4j-io/3.3.4/neo4j-io-3.3.4.jar
2019-05-28 03:30:19.082+0000 INFO [o.n.k.i.DiagnosticsManager]  [classpath] /Users/emma/.m2/repository/org/neo4j/neo4j-unsafe/3.3.4/neo4j-unsafe-3.3.4.jar
2019-05-28 03:30:19.083+0000 INFO [o.n.k.i.DiagnosticsManager]  [classpath] /Users/emma/.m2/repository/com/google/j2objc/j2objc-annotations/1.1/j2objc-annotations-1.1.jar
2019-05-28 03:30:19.083+0000 INFO [o.n.k.i.DiagnosticsManager]  [classpath] /Users/emma/.m2/repository/org/neo4j/neo4j-csv/3.3.4/neo4j-csv-3.3.4.jar
2019-05-28 03:30:19.083+0000 INFO [o.n.k.i.DiagnosticsManager]  [classpath] /Users/emma/.m2/repository/org/neo4j/neo4j-ogm-embedded-driver/3.0.2/neo4j-ogm-embedded-driver-3.0.2.jar
2019-05-28 03:30:19.083+0000 INFO [o.n.k.i.DiagnosticsManager]  [classpath] /Users/emma/.m2/repository/org/neo4j/neo4j-common/3.3.4/neo4j-common-3.3.4.jar
2019-05-28 03:30:19.083+0000 INFO [o.n.k.i.DiagnosticsManager]  [classpath] /Users/emma/.m2/repository/org/junit/jupiter/junit-jupiter-api/5.3.2/junit-jupiter-api-5.3.2.jar
2019-05-28 03:30:19.083+0000 INFO [o.n.k.i.DiagnosticsManager]  [classpath] /Users/emma/.m2/repository/org/eclipse/jetty/jetty-webapp/9.4.8.v20171121/jetty-webapp-9.4.8.v20171121.jar
2019-05-28 03:30:19.083+0000 INFO [o.n.k.i.DiagnosticsManager]  [classpath] /Users/emma/.m2/repository/org/ow2/asm/asm-tree/5.2/asm-tree-5.2.jar
2019-05-28 03:30:19.083+0000 INFO [o.n.k.i.DiagnosticsManager]  [classpath] /Users/emma/.m2/repository/org/neo4j/neo4j-cypher-compiler-3.3/3.3.4/neo4j-cypher-compiler-3.3-3.3.4.jar
2019-05-28 03:30:19.083+0000 INFO [o.n.k.i.DiagnosticsManager]  [classpath] /Users/emma/.m2/repository/org/eclipse/jetty/websocket/websocket-server/9.4.8.v20171121/websocket-server-9.4.8.v20171121.jar
2019-05-28 03:30:19.084+0000 INFO [o.n.k.i.DiagnosticsManager]  [classpath] /Users/emma/.m2/repository/org/parboiled/parboiled-core/1.1.7/parboiled-core-1.1.7.jar
2019-05-28 03:30:19.084+0000 INFO [o.n.k.i.DiagnosticsManager]  [classpath] /Users/emma/.m2/repository/org/neo4j/neo4j-lucene-index/3.3.4/neo4j-lucene-index-3.3.4.jar
2019-05-28 03:30:19.084+0000 INFO [o.n.k.i.DiagnosticsManager]  [classpath] /Users/emma/.m2/repository/io/netty/netty-all/4.1.21.Final/netty-all-4.1.21.Final.jar
2019-05-28 03:30:19.084+0000 INFO [o.n.k.i.DiagnosticsManager]  [classpath] /Users/emma/.m2/repository/org/neo4j/neo4j-primitive-collections/3.3.4/neo4j-primitive-collections-3.3.4.jar
2019-05-28 03:30:19.084+0000 INFO [o.n.k.i.DiagnosticsManager]  [classpath] /Users/emma/.m2/repository/org/neo4j/neo4j-cypher-compiler-3.1/3.1.6/neo4j-cypher-compiler-3.1-3.1.6.jar
2019-05-28 03:30:19.084+0000 INFO [o.n.k.i.DiagnosticsManager]  [classpath] /Users/emma/.m2/repository/org/neo4j/neo4j-ssl/3.3.4/neo4j-ssl-3.3.4.jar
2019-05-28 03:30:19.084+0000 INFO [o.n.k.i.DiagnosticsManager]  [classpath] /Users/emma/.m2/repository/org/neo4j/neo4j-graphdb-api/3.3.4/neo4j-graphdb-api-3.3.4.jar
2019-05-28 03:30:19.084+0000 INFO [o.n.k.i.DiagnosticsManager]  [classpath] /Users/emma/.m2/repository/com/google/code/findbugs/jsr305/1.3.9/jsr305-1.3.9.jar
2019-05-28 03:30:19.084+0000 INFO [o.n.k.i.DiagnosticsManager]  [classpath] /Users/emma/.m2/repository/net/sf/opencsv/opencsv/2.3/opencsv-2.3.jar
2019-05-28 03:30:19.084+0000 INFO [o.n.k.i.DiagnosticsManager]  [classpath] /Users/emma/.m2/repository/org/neo4j/neo4j-graph-algo/3.3.4/neo4j-graph-algo-3.3.4.jar
2019-05-28 03:30:19.084+0000 INFO [o.n.k.i.DiagnosticsManager]  [classpath] /Users/emma/.m2/repository/org/eclipse/jetty/websocket/websocket-api/9.4.8.v20171121/websocket-api-9.4.8.v20171121.jar
2019-05-28 03:30:19.084+0000 INFO [o.n.k.i.DiagnosticsManager]  [classpath] /Users/emma/.m2/repository/org/scala-lang/scala-reflect/2.11.12/scala-reflect-2.11.12.jar
2019-05-28 03:30:19.085+0000 INFO [o.n.k.i.DiagnosticsManager]  [classpath] /Users/emma/.m2/repository/org/bouncycastle/bcpkix-jdk15on/1.53/bcpkix-jdk15on-1.53.jar
2019-05-28 03:30:19.085+0000 INFO [o.n.k.i.DiagnosticsManager]  [classpath] /Users/emma/.m2/repository/net/bytebuddy/byte-buddy-agent/1.7.9/byte-buddy-agent-1.7.9.jar
2019-05-28 03:30:19.085+0000 INFO [o.n.k.i.DiagnosticsManager]  [classpath] /Users/emma/.m2/repository/org/neo4j/neo4j-cypher-frontend-2.3/2.3.12/neo4j-cypher-frontend-2.3-2.3.12.jar
2019-05-28 03:30:19.085+0000 INFO [o.n.k.i.DiagnosticsManager]  [classpath] /Users/emma/.m2/repository/org/neo4j/neo4j-values/3.3.4/neo4j-values-3.3.4.jar
2019-05-28 03:30:19.085+0000 INFO [o.n.k.i.DiagnosticsManager]  [classpath] /Users/emma/.m2/repository/org/apache/lucene/lucene-codecs/5.5.0/lucene-codecs-5.5.0.jar
2019-05-28 03:30:19.085+0000 INFO [o.n.k.i.DiagnosticsManager]  [classpath] /Users/emma/.m2/repository/org/apache/commons/commons-csv/1.5/commons-csv-1.5.jar
2019-05-28 03:30:19.085+0000 INFO [o.n.k.i.DiagnosticsManager]  [classpath] /Users/emma/.m2/repository/org/mockito/mockito-core/2.16.0/mockito-core-2.16.0.jar
2019-05-28 03:30:19.085+0000 INFO [o.n.k.i.DiagnosticsManager]  [classpath] /Users/emma/.m2/repository/org/neo4j/neo4j-cypher-frontend-3.3/3.3.4/neo4j-cypher-frontend-3.3-3.3.4.jar
2019-05-28 03:30:19.085+0000 INFO [o.n.k.i.DiagnosticsManager]  [classpath] /Users/emma/.m2/repository/org/objenesis/objenesis/2.6/objenesis-2.6.jar
2019-05-28 03:30:19.085+0000 INFO [o.n.k.i.DiagnosticsManager]  [classpath] /Users/emma/.m2/repository/com/fasterxml/jackson/core/jackson-annotations/2.7.0/jackson-annotations-2.7.0.jar
2019-05-28 03:30:19.085+0000 INFO [o.n.k.i.DiagnosticsManager]  [classpath] /Users/emma/.m2/repository/org/neo4j/neo4j-codegen/3.3.4/neo4j-codegen-3.3.4.jar
2019-05-28 03:30:19.085+0000 INFO [o.n.k.i.DiagnosticsManager]  [classpath] /Users/emma/.m2/repository/org/opentest4j/opentest4j/1.1.1/opentest4j-1.1.1.jar
2019-05-28 03:30:19.085+0000 INFO [o.n.k.i.DiagnosticsManager]  [classpath] /Users/emma/.m2/repository/org/apache/commons/commons-compress/1.12/commons-compress-1.12.jar
2019-05-28 03:30:19.085+0000 INFO [o.n.k.i.DiagnosticsManager]  [classpath] /Users/emma/.m2/repository/org/eclipse/jetty/jetty-servlet/9.4.8.v20171121/jetty-servlet-9.4.8.v20171121.jar
2019-05-28 03:30:19.086+0000 INFO [o.n.k.i.DiagnosticsManager]  [classpath] /Users/emma/.m2/repository/org/neo4j/neo4j-configuration/3.3.4/neo4j-configuration-3.3.4.jar
2019-05-28 03:30:19.086+0000 INFO [o.n.k.i.DiagnosticsManager]  [classpath] /Users/emma/.m2/repository/org/neo4j/neo4j-ogm-core/3.1.0/neo4j-ogm-core-3.1.0.jar
2019-05-28 03:30:19.086+0000 INFO [o.n.k.i.DiagnosticsManager]  [classpath] /Users/emma/.m2/repository/io/github/lukehutch/fast-classpath-scanner/2.7.4/fast-classpath-scanner-2.7.4.jar
2019-05-28 03:30:19.086+0000 INFO [o.n.k.i.DiagnosticsManager]  [classpath] /Users/emma/.m2/repository/com/googlecode/concurrentlinkedhashmap/concurrentlinkedhashmap-lru/1.4.2/concurrentlinkedhashmap-lru-1.4.2.jar
2019-05-28 03:30:19.086+0000 INFO [o.n.k.i.DiagnosticsManager]  [classpath] /Users/emma/.m2/repository/com/github/ben-manes/caffeine/caffeine/2.3.3/caffeine-2.3.3.jar
2019-05-28 03:30:19.086+0000 INFO [o.n.k.i.DiagnosticsManager]  [classpath] /Users/emma/.m2/repository/org/neo4j/neo4j-command-line/3.3.4/neo4j-command-line-3.3.4.jar
2019-05-28 03:30:19.086+0000 INFO [o.n.k.i.DiagnosticsManager]  [classpath] /Users/emma/.m2/repository/org/neo4j/neo4j-ogm-api/3.1.0/neo4j-ogm-api-3.1.0.jar
2019-05-28 03:30:19.086+0000 INFO [o.n.k.i.DiagnosticsManager]  [classpath] /Users/emma/Desktop/TutorMonash/FIT5171/Assignments/Assignment_3/a3_code/target/classes
2019-05-28 03:30:19.086+0000 INFO [o.n.k.i.DiagnosticsManager]  [classpath] /Users/emma/.m2/repository/org/junit/platform/junit-platform-engine/1.3.2/junit-platform-engine-1.3.2.jar
2019-05-28 03:30:19.087+0000 INFO [o.n.k.i.DiagnosticsManager]  [classpath] /Users/emma/.m2/repository/org/bouncycastle/bcprov-jdk15on/1.53/bcprov-jdk15on-1.53.jar
2019-05-28 03:30:19.087+0000 INFO [o.n.k.i.DiagnosticsManager]  [classpath] /Users/emma/.m2/repository/com/fasterxml/jackson/core/jackson-databind/2.7.1/jackson-databind-2.7.1.jar
2019-05-28 03:30:19.087+0000 INFO [o.n.k.i.DiagnosticsManager]  [classpath] /Users/emma/.m2/repository/org/junit/jupiter/junit-jupiter-engine/5.3.2/junit-jupiter-engine-5.3.2.jar
2019-05-28 03:30:19.087+0000 INFO [o.n.k.i.DiagnosticsManager]  [classpath] /Users/emma/.m2/repository/org/eclipse/jetty/jetty-server/9.4.8.v20171121/jetty-server-9.4.8.v20171121.jar
2019-05-28 03:30:19.087+0000 INFO [o.n.k.i.DiagnosticsManager]  [classpath] /Users/emma/.m2/repository/org/neo4j/neo4j-cypher-ir-3.2/3.2.9/neo4j-cypher-ir-3.2-3.2.9.jar
2019-05-28 03:30:19.087+0000 INFO [o.n.k.i.DiagnosticsManager]  [classpath] /Users/emma/.m2/repository/org/eclipse/jetty/jetty-security/9.4.8.v20171121/jetty-security-9.4.8.v20171121.jar
2019-05-28 03:30:19.087+0000 INFO [o.n.k.i.DiagnosticsManager]  [classpath] /Users/emma/.m2/repository/org/neo4j/neo4j-consistency-check/3.3.4/neo4j-consistency-check-3.3.4.jar
2019-05-28 03:30:19.087+0000 INFO [o.n.k.i.DiagnosticsManager]  [classpath] /Users/emma/.m2/repository/org/apache/lucene/lucene-backward-codecs/5.5.0/lucene-backward-codecs-5.5.0.jar
2019-05-28 03:30:19.087+0000 INFO [o.n.k.i.DiagnosticsManager]  [classpath] /Users/emma/.m2/repository/org/eclipse/jetty/websocket/websocket-servlet/9.4.8.v20171121/websocket-servlet-9.4.8.v20171121.jar
2019-05-28 03:30:19.087+0000 INFO [o.n.k.i.DiagnosticsManager]  [classpath] /Users/emma/.m2/repository/commons-io/commons-io/2.4/commons-io-2.4.jar
2019-05-28 03:30:19.087+0000 INFO [o.n.k.i.DiagnosticsManager]  [classpath] /Users/emma/.m2/repository/org/scala-lang/scala-library/2.11.12/scala-library-2.11.12.jar
2019-05-28 03:30:19.087+0000 INFO [o.n.k.i.DiagnosticsManager]  [classpath] /Users/emma/.m2/repository/org/neo4j/neo4j-cypher-ir-3.3/3.3.4/neo4j-cypher-ir-3.3-3.3.4.jar
2019-05-28 03:30:19.088+0000 INFO [o.n.k.i.DiagnosticsManager]  [classpath] /Users/emma/.m2/repository/commons-codec/commons-codec/1.9/commons-codec-1.9.jar
2019-05-28 03:30:19.088+0000 INFO [o.n.k.i.DiagnosticsManager]  [classpath] /Users/emma/.m2/repository/org/neo4j/neo4j-logging/3.3.4/neo4j-logging-3.3.4.jar
2019-05-28 03:30:19.088+0000 INFO [o.n.k.i.DiagnosticsManager]  [classpath] /Users/emma/.m2/repository/com/sparkjava/spark-core/2.7.2/spark-core-2.7.2.jar
2019-05-28 03:30:19.088+0000 INFO [o.n.k.i.DiagnosticsManager]  [classpath] /Users/emma/.m2/repository/org/neo4j/neo4j-cypher-compiler-3.2/3.2.9/neo4j-cypher-compiler-3.2-3.2.9.jar
2019-05-28 03:30:19.088+0000 INFO [o.n.k.i.DiagnosticsManager]  [classpath] /Users/emma/.m2/repository/org/ow2/asm/asm-analysis/5.2/asm-analysis-5.2.jar
2019-05-28 03:30:19.088+0000 INFO [o.n.k.i.DiagnosticsManager]  [classpath] /Users/emma/.m2/repository/org/neo4j/neo4j/3.3.4/neo4j-3.3.4.jar
2019-05-28 03:30:19.088+0000 INFO [o.n.k.i.DiagnosticsManager]  [classpath] /Users/emma/.m2/repository/org/neo4j/neo4j-lucene-upgrade/3.3.4/neo4j-lucene-upgrade-3.3.4.jar
2019-05-28 03:30:19.088+0000 INFO [o.n.k.i.DiagnosticsManager]  [classpath] /Users/emma/.m2/repository/org/checkerframework/checker-compat-qual/2.0.0/checker-compat-qual-2.0.0.jar
2019-05-28 03:30:19.088+0000 INFO [o.n.k.i.DiagnosticsManager]  [classpath] /Users/emma/.m2/repository/org/codehaus/mojo/animal-sniffer-annotations/1.14/animal-sniffer-annotations-1.14.jar
2019-05-28 03:30:19.088+0000 INFO [o.n.k.i.DiagnosticsManager]  [classpath] /Users/emma/.m2/repository/org/apache/logging/log4j/log4j-api/2.11.0/log4j-api-2.11.0.jar
2019-05-28 03:30:19.088+0000 INFO [o.n.k.i.DiagnosticsManager]  [classpath] /Users/emma/.m2/repository/org/ow2/asm/asm-util/5.2/asm-util-5.2.jar
2019-05-28 03:30:19.088+0000 INFO [o.n.k.i.DiagnosticsManager]  [classpath] /Users/emma/.m2/repository/org/neo4j/neo4j-graph-matching/3.1.6/neo4j-graph-matching-3.1.6.jar
2019-05-28 03:30:19.088+0000 INFO [o.n.k.i.DiagnosticsManager]  [classpath] /Users/emma/.m2/repository/org/eclipse/jetty/websocket/websocket-common/9.4.8.v20171121/websocket-common-9.4.8.v20171121.jar
2019-05-28 03:30:19.088+0000 INFO [o.n.k.i.DiagnosticsManager]  [classpath] /Users/emma/.m2/repository/org/eclipse/jetty/jetty-io/9.4.8.v20171121/jetty-io-9.4.8.v20171121.jar
2019-05-28 03:30:19.089+0000 INFO [o.n.k.i.DiagnosticsManager]  [classpath] /Users/emma/.m2/repository/org/neo4j/neo4j-dbms/3.3.4/neo4j-dbms-3.3.4.jar
2019-05-28 03:30:19.089+0000 INFO [o.n.k.i.DiagnosticsManager]  [classpath] /Users/emma/.m2/repository/org/neo4j/neo4j-cypher/3.3.4/neo4j-cypher-3.3.4.jar
2019-05-28 03:30:19.089+0000 INFO [o.n.k.i.DiagnosticsManager]  [classpath] /Users/emma/.m2/repository/org/parboiled/parboiled-scala_2.11/1.1.7/parboiled-scala_2.11-1.1.7.jar
2019-05-28 03:30:19.089+0000 INFO [o.n.k.i.DiagnosticsManager]  [classpath] /Users/emma/.m2/repository/org/neo4j/neo4j-index/3.3.4/neo4j-index-3.3.4.jar
2019-05-28 03:30:19.089+0000 INFO [o.n.k.i.DiagnosticsManager]  [classpath] /Users/emma/.m2/repository/com/google/errorprone/error_prone_annotations/2.1.3/error_prone_annotations-2.1.3.jar
2019-05-28 03:30:19.089+0000 INFO [o.n.k.i.DiagnosticsManager]  [classpath] /Users/emma/.m2/repository/javax/servlet/javax.servlet-api/3.1.0/javax.servlet-api-3.1.0.jar
2019-05-28 03:30:19.089+0000 INFO [o.n.k.i.DiagnosticsManager]  [classpath] /Users/emma/.m2/repository/org/apache/lucene/lucene-queryparser/5.5.0/lucene-queryparser-5.5.0.jar
2019-05-28 03:30:19.089+0000 INFO [o.n.k.i.DiagnosticsManager]  [classpath] /Users/emma/.m2/repository/org/neo4j/neo4j-jmx/3.3.4/neo4j-jmx-3.3.4.jar
2019-05-28 03:30:19.089+0000 INFO [o.n.k.i.DiagnosticsManager]  [classpath] /Users/emma/.m2/repository/com/sparkjava/spark-template-freemarker/2.7.1/spark-template-freemarker-2.7.1.jar
2019-05-28 03:30:19.089+0000 INFO [o.n.k.i.DiagnosticsManager]  [classpath] /Users/emma/.m2/repository/org/neo4j/neo4j-resource/3.3.4/neo4j-resource-3.3.4.jar
2019-05-28 03:30:19.089+0000 INFO [o.n.k.i.DiagnosticsManager] Library path:
2019-05-28 03:30:19.090+0000 INFO [o.n.k.i.DiagnosticsManager] /Users/emma/Library/Java/Extensions
2019-05-28 03:30:19.090+0000 INFO [o.n.k.i.DiagnosticsManager] /Library/Java/Extensions
2019-05-28 03:30:19.090+0000 INFO [o.n.k.i.DiagnosticsManager] /Network/Library/Java/Extensions
2019-05-28 03:30:19.090+0000 INFO [o.n.k.i.DiagnosticsManager] /System/Library/Java/Extensions
2019-05-28 03:30:19.090+0000 INFO [o.n.k.i.DiagnosticsManager] /usr/lib/java
2019-05-28 03:30:19.091+0000 INFO [o.n.k.i.DiagnosticsManager] /Users/emma/Desktop/TutorMonash/FIT5171/Assignments/Assignment_3/a3_code
2019-05-28 03:30:19.091+0000 INFO [o.n.k.i.DiagnosticsManager] System.properties:
2019-05-28 03:30:19.091+0000 INFO [o.n.k.i.DiagnosticsManager] gopherProxySet = false
2019-05-28 03:30:19.091+0000 INFO [o.n.k.i.DiagnosticsManager] awt.toolkit = sun.lwawt.macosx.LWCToolkit
2019-05-28 03:30:19.091+0000 INFO [o.n.k.i.DiagnosticsManager] file.encoding.pkg = sun.io
2019-05-28 03:30:19.091+0000 INFO [o.n.k.i.DiagnosticsManager] sun.cpu.isalist = 
2019-05-28 03:30:19.091+0000 INFO [o.n.k.i.DiagnosticsManager] sun.jnu.encoding = UTF-8
2019-05-28 03:30:19.091+0000 INFO [o.n.k.i.DiagnosticsManager] sun.arch.data.model = 64
2019-05-28 03:30:19.091+0000 INFO [o.n.k.i.DiagnosticsManager] user.timezone = Australia/Melbourne
2019-05-28 03:30:19.092+0000 INFO [o.n.k.i.DiagnosticsManager] sun.java.launcher = SUN_STANDARD
2019-05-28 03:30:19.092+0000 INFO [o.n.k.i.DiagnosticsManager] user.country = SG
2019-05-28 03:30:19.092+0000 INFO [o.n.k.i.DiagnosticsManager] sun.boot.library.path = /Library/Java/JavaVirtualMachines/jdk-10.0.2.jdk/Contents/Home/lib
2019-05-28 03:30:19.092+0000 INFO [o.n.k.i.DiagnosticsManager] sun.java.command = rockets.web.App
2019-05-28 03:30:19.092+0000 INFO [o.n.k.i.DiagnosticsManager] http.nonProxyHosts = local|*.local|169.254/16|*.169.254/16
2019-05-28 03:30:19.092+0000 INFO [o.n.k.i.DiagnosticsManager] jdk.debug = release
2019-05-28 03:30:19.092+0000 INFO [o.n.k.i.DiagnosticsManager] sun.cpu.endian = little
2019-05-28 03:30:19.092+0000 INFO [o.n.k.i.DiagnosticsManager] user.home = /Users/emma
2019-05-28 03:30:19.092+0000 INFO [o.n.k.i.DiagnosticsManager] user.language = en
2019-05-28 03:30:19.092+0000 INFO [o.n.k.i.DiagnosticsManager] file.separator = /
2019-05-28 03:30:19.092+0000 INFO [o.n.k.i.DiagnosticsManager] sun.management.compiler = HotSpot 64-Bit Tiered Compilers
2019-05-28 03:30:19.092+0000 INFO [o.n.k.i.DiagnosticsManager] ftp.nonProxyHosts = local|*.local|169.254/16|*.169.254/16
2019-05-28 03:30:19.092+0000 INFO [o.n.k.i.DiagnosticsManager] user.name = emma
2019-05-28 03:30:19.092+0000 INFO [o.n.k.i.DiagnosticsManager] path.separator = :
2019-05-28 03:30:19.092+0000 INFO [o.n.k.i.DiagnosticsManager] file.encoding = UTF-8
2019-05-28 03:30:19.092+0000 INFO [o.n.k.i.DiagnosticsManager] user.dir = /Users/emma/Desktop/TutorMonash/FIT5171/Assignments/Assignment_3/a3_code
2019-05-28 03:30:19.093+0000 INFO [o.n.k.i.DiagnosticsManager] sun.os.patch.level = unknown
2019-05-28 03:30:19.093+0000 INFO [o.n.k.i.DiagnosticsManager] sun.io.unicode.encoding = UnicodeBig
2019-05-28 03:30:19.093+0000 INFO [o.n.k.i.DiagnosticsManager] socksNonProxyHosts = local|*.local|169.254/16|*.169.254/16
2019-05-28 03:30:19.093+0000 INFO [o.n.k.i.DiagnosticsManager] Network information:
2019-05-28 03:30:19.093+0000 INFO [o.n.k.i.DiagnosticsManager] Interface utun1:
2019-05-28 03:30:19.093+0000 INFO [o.n.k.i.DiagnosticsManager]     address: fe80:0:0:0:8fef:1d0b:4adb:53f9%utun1
2019-05-28 03:30:19.093+0000 INFO [o.n.k.i.DiagnosticsManager] Interface utun0:
2019-05-28 03:30:19.094+0000 INFO [o.n.k.i.DiagnosticsManager]     address: fe80:0:0:0:48dd:9a47:7412:6d3a%utun0
2019-05-28 03:30:19.094+0000 INFO [o.n.k.i.DiagnosticsManager] Interface awdl0:
2019-05-28 03:30:19.094+0000 INFO [o.n.k.i.DiagnosticsManager]     address: fe80:0:0:0:60ab:46ff:fedb:16dd%awdl0
2019-05-28 03:30:19.094+0000 INFO [o.n.k.i.DiagnosticsManager] Interface en0:
2019-05-28 03:30:19.094+0000 INFO [o.n.k.i.DiagnosticsManager]     address: fe80:0:0:0:431:461e:9fd5:4b99%en0
2019-05-28 03:30:19.094+0000 INFO [o.n.k.i.DiagnosticsManager]     address: 49.127.109.42
2019-05-28 03:30:19.094+0000 INFO [o.n.k.i.DiagnosticsManager] Interface lo0:
2019-05-28 03:30:19.094+0000 INFO [o.n.k.i.DiagnosticsManager]     address: fe80:0:0:0:0:0:0:1%lo0
2019-05-28 03:30:19.094+0000 INFO [o.n.k.i.DiagnosticsManager]     address: 0:0:0:0:0:0:0:1%lo0
2019-05-28 03:30:19.094+0000 INFO [o.n.k.i.DiagnosticsManager]     address: 127.0.0.1
2019-05-28 03:30:19.094+0000 INFO [o.n.k.i.DiagnosticsManager] --- INITIALIZED diagnostics END ---
2019-05-28 03:30:19.195+0000 INFO [o.n.k.i.s.f.RecordFormatSelector] Selected format 'RecordFormat:StandardV3_2[v0.A.8]' for the new store
2019-05-28 03:30:19.767+0000 INFO [o.n.k.i.a.i.IndexingService] IndexingService.init: indexes not specifically mentioned above are null
2019-05-28 03:30:19.769+0000 INFO [o.n.k.i.i.l.NativeLabelScanStore] No scan store found, this might just be first use. Preparing to rebuild.
2019-05-28 03:30:19.809+0000 INFO [o.n.k.NeoStoreDataSource] Opened logical log [/Users/emma/Desktop/TutorMonash/FIT5171/Assignments/Assignment_3/a3_code/target/rockets/neostore.transaction.db.0] version=0, lastTxId=1 (clean)
2019-05-28 03:30:19.810+0000 INFO [o.n.k.NeoStoreDataSource] No commits found after last check point (which is at <no log position given>)
2019-05-28 03:30:19.817+0000 WARN [o.n.k.i.s.MetaDataStore] Missing counts store, rebuilding it.
2019-05-28 03:30:19.934+0000 WARN [o.n.k.i.s.MetaDataStore] Counts store rebuild completed.
2019-05-28 03:30:19.952+0000 INFO [o.n.k.i.a.i.IndexingService] IndexingService.start: indexes not specifically mentioned above are null
2019-05-28 03:30:19.953+0000 INFO [o.n.k.i.i.l.NativeLabelScanStore] Rebuilding scan store, this may take a while
2019-05-28 03:30:19.972+0000 INFO [o.n.k.i.i.l.NativeLabelScanStore] Scan store rebuilt (roughly 0 nodes)
2019-05-28 03:30:19.975+0000 INFO [o.n.k.i.DatabaseHealth] Database health set to OK
2019-05-28 03:30:20.376+0000 INFO [o.n.k.AvailabilityGuard] Fulfilling of requirement makes database available: Database available
2019-05-28 03:30:20.377+0000 INFO [o.n.k.i.f.GraphDatabaseFacadeFactory] Database is now ready
2019-05-28 03:30:20.378+0000 INFO [o.n.k.i.DiagnosticsManager] --- STARTED diagnostics for KernelDiagnostics:Versions START ---
2019-05-28 03:30:20.378+0000 INFO [o.n.k.i.DiagnosticsManager] Graph Database: community single StoreId{creationTime=1559014219623, randomId=3221486322616352829, storeVersion=15813456178476550, upgradeTime=1559014219623, upgradeId=1}
2019-05-28 03:30:20.378+0000 INFO [o.n.k.i.DiagnosticsManager] Kernel version: 3.3.4,a97930c567060dad961d7c06c8f225dcb15582f3
2019-05-28 03:30:20.378+0000 INFO [o.n.k.i.DiagnosticsManager] --- STARTED diagnostics for KernelDiagnostics:Versions END ---
2019-05-28 03:30:20.379+0000 INFO [o.n.k.i.DiagnosticsManager] --- STARTED diagnostics for NEO_STORE_VERSIONS START ---
2019-05-28 03:30:20.380+0000 INFO [o.n.k.i.DiagnosticsManager] Store versions:
2019-05-28 03:30:20.380+0000 INFO [o.n.k.i.DiagnosticsManager] Store versions:
2019-05-28 03:30:20.380+0000 INFO [o.n.k.i.DiagnosticsManager]   ArrayPropertyStore v0.A.8
2019-05-28 03:30:20.380+0000 INFO [o.n.k.i.DiagnosticsManager]   NodeStore v0.A.8
2019-05-28 03:30:20.380+0000 INFO [o.n.k.i.DiagnosticsManager]   StringPropertyStore v0.A.8
2019-05-28 03:30:20.380+0000 INFO [o.n.k.i.DiagnosticsManager]   PropertyIndexStore v0.A.8
2019-05-28 03:30:20.380+0000 INFO [o.n.k.i.DiagnosticsManager]   StringPropertyStore v0.A.8
2019-05-28 03:30:20.380+0000 INFO [o.n.k.i.DiagnosticsManager]   ArrayPropertyStore v0.A.8
2019-05-28 03:30:20.381+0000 INFO [o.n.k.i.DiagnosticsManager]   PropertyStore v0.A.8
2019-05-28 03:30:20.381+0000 INFO [o.n.k.i.DiagnosticsManager]   RelationshipStore v0.A.8
2019-05-28 03:30:20.381+0000 INFO [o.n.k.i.DiagnosticsManager]   StringPropertyStore v0.A.8
2019-05-28 03:30:20.381+0000 INFO [o.n.k.i.DiagnosticsManager]   RelationshipTypeStore v0.A.8
2019-05-28 03:30:20.381+0000 INFO [o.n.k.i.DiagnosticsManager]   StringPropertyStore v0.A.8
2019-05-28 03:30:20.381+0000 INFO [o.n.k.i.DiagnosticsManager]   LabelTokenStore v0.A.8
2019-05-28 03:30:20.381+0000 INFO [o.n.k.i.DiagnosticsManager]   SchemaStore v0.A.8
2019-05-28 03:30:20.381+0000 INFO [o.n.k.i.DiagnosticsManager]   RelationshipGroupStore v0.A.8
2019-05-28 03:30:20.381+0000 INFO [o.n.k.i.DiagnosticsManager]   NeoStore v0.A.8
2019-05-28 03:30:20.381+0000 INFO [o.n.k.i.DiagnosticsManager] --- STARTED diagnostics for NEO_STORE_VERSIONS END ---
2019-05-28 03:30:20.382+0000 INFO [o.n.k.i.DiagnosticsManager] --- STARTED diagnostics for NEO_STORE_ID_USAGE START ---
2019-05-28 03:30:20.382+0000 INFO [o.n.k.i.DiagnosticsManager] Id usage:
2019-05-28 03:30:20.382+0000 INFO [o.n.k.i.DiagnosticsManager] Id usage:
2019-05-28 03:30:20.382+0000 INFO [o.n.k.i.DiagnosticsManager]   ArrayPropertyStore: used=1 high=0
2019-05-28 03:30:20.382+0000 INFO [o.n.k.i.DiagnosticsManager]   NodeStore: used=0 high=-1
2019-05-28 03:30:20.382+0000 INFO [o.n.k.i.DiagnosticsManager]   StringPropertyStore: used=1 high=0
2019-05-28 03:30:20.382+0000 INFO [o.n.k.i.DiagnosticsManager]   PropertyIndexStore: used=0 high=-1
2019-05-28 03:30:20.382+0000 INFO [o.n.k.i.DiagnosticsManager]   StringPropertyStore: used=1 high=0
2019-05-28 03:30:20.383+0000 INFO [o.n.k.i.DiagnosticsManager]   ArrayPropertyStore: used=1 high=0
2019-05-28 03:30:20.383+0000 INFO [o.n.k.i.DiagnosticsManager]   PropertyStore: used=0 high=-1
2019-05-28 03:30:20.383+0000 INFO [o.n.k.i.DiagnosticsManager]   RelationshipStore: used=0 high=-1
2019-05-28 03:30:20.383+0000 INFO [o.n.k.i.DiagnosticsManager]   StringPropertyStore: used=1 high=0
2019-05-28 03:30:20.383+0000 INFO [o.n.k.i.DiagnosticsManager]   RelationshipTypeStore: used=0 high=-1
2019-05-28 03:30:20.383+0000 INFO [o.n.k.i.DiagnosticsManager]   StringPropertyStore: used=1 high=0
2019-05-28 03:30:20.383+0000 INFO [o.n.k.i.DiagnosticsManager]   LabelTokenStore: used=0 high=-1
2019-05-28 03:30:20.383+0000 INFO [o.n.k.i.DiagnosticsManager]   SchemaStore: used=1 high=0
2019-05-28 03:30:20.383+0000 INFO [o.n.k.i.DiagnosticsManager]   RelationshipGroupStore: used=1 high=0
2019-05-28 03:30:20.384+0000 INFO [o.n.k.i.DiagnosticsManager]   NeoStore: used=15 high=14
2019-05-28 03:30:20.384+0000 INFO [o.n.k.i.DiagnosticsManager] --- STARTED diagnostics for NEO_STORE_ID_USAGE END ---
2019-05-28 03:30:20.384+0000 INFO [o.n.k.i.DiagnosticsManager] --- STARTED diagnostics for NEO_STORE_RECORDS START ---
2019-05-28 03:30:20.384+0000 INFO [o.n.k.i.DiagnosticsManager] Neostore records:
2019-05-28 03:30:20.385+0000 INFO [o.n.k.i.DiagnosticsManager] TIME (Creation time): 1559014219623
2019-05-28 03:30:20.385+0000 INFO [o.n.k.i.DiagnosticsManager] RANDOM_NUMBER (Random number for store id): 3221486322616352829
2019-05-28 03:30:20.385+0000 INFO [o.n.k.i.DiagnosticsManager] LOG_VERSION (Current log version): 0
2019-05-28 03:30:20.385+0000 INFO [o.n.k.i.DiagnosticsManager] LAST_TRANSACTION_ID (Last committed transaction): 1
2019-05-28 03:30:20.385+0000 INFO [o.n.k.i.DiagnosticsManager] STORE_VERSION (Store format version): 15813456178476550
2019-05-28 03:30:20.386+0000 INFO [o.n.k.i.DiagnosticsManager] FIRST_GRAPH_PROPERTY (First property record containing graph properties): -1
2019-05-28 03:30:20.386+0000 INFO [o.n.k.i.DiagnosticsManager] LAST_CONSTRAINT_TRANSACTION (Last committed transaction containing constraint changes): 0
2019-05-28 03:30:20.386+0000 INFO [o.n.k.i.DiagnosticsManager] UPGRADE_TRANSACTION_ID (Transaction id most recent upgrade was performed at): 1
2019-05-28 03:30:20.386+0000 INFO [o.n.k.i.DiagnosticsManager] UPGRADE_TIME (Time of last upgrade): 1559014219623
2019-05-28 03:30:20.386+0000 INFO [o.n.k.i.DiagnosticsManager] LAST_TRANSACTION_CHECKSUM (Checksum of last committed transaction): 0
2019-05-28 03:30:20.386+0000 INFO [o.n.k.i.DiagnosticsManager] UPGRADE_TRANSACTION_CHECKSUM (Checksum of transaction id the most recent upgrade was performed at): 0
2019-05-28 03:30:20.386+0000 INFO [o.n.k.i.DiagnosticsManager] LAST_CLOSED_TRANSACTION_LOG_VERSION (Log version where the last transaction commit entry has been written into): 0
2019-05-28 03:30:20.386+0000 INFO [o.n.k.i.DiagnosticsManager] LAST_CLOSED_TRANSACTION_LOG_BYTE_OFFSET (Byte offset in the log file where the last transaction commit entry has been written into): 16
2019-05-28 03:30:20.386+0000 INFO [o.n.k.i.DiagnosticsManager] LAST_TRANSACTION_COMMIT_TIMESTAMP (Commit time timestamp for last committed transaction): 0
2019-05-28 03:30:20.386+0000 INFO [o.n.k.i.DiagnosticsManager] UPGRADE_TRANSACTION_COMMIT_TIMESTAMP (Commit timestamp of transaction the most recent upgrade was performed at): 0
2019-05-28 03:30:20.387+0000 INFO [o.n.k.i.DiagnosticsManager] --- STARTED diagnostics for NEO_STORE_RECORDS END ---
2019-05-28 03:30:20.387+0000 INFO [o.n.k.i.DiagnosticsManager] --- STARTED diagnostics for TRANSACTION_RANGE START ---
2019-05-28 03:30:20.387+0000 INFO [o.n.k.i.DiagnosticsManager] Transaction log:
2019-05-28 03:30:20.388+0000 INFO [o.n.k.i.DiagnosticsManager] No transactions found in any log
2019-05-28 03:30:20.388+0000 INFO [o.n.k.i.DiagnosticsManager] --- STARTED diagnostics for TRANSACTION_RANGE END ---
2019-05-28 03:30:20.390+0000 INFO [o.n.k.i.DiagnosticsManager] --- STARTED diagnostics for KernelDiagnostics:StoreFiles START ---
2019-05-28 03:30:20.390+0000 INFO [o.n.k.i.DiagnosticsManager] Disk space on partition (Total / Free / Free %): 250790436864 / 23915560960 / 9
2019-05-28 03:30:20.390+0000 INFO [o.n.k.i.DiagnosticsManager] Storage files: (filename : modification date - size)
2019-05-28 03:30:20.391+0000 INFO [o.n.k.i.DiagnosticsManager]   index:
2019-05-28 03:30:20.391+0000 INFO [o.n.k.i.DiagnosticsManager]   - Total: 2019-05-28T13:30:19+1000 - 0.00 B
2019-05-28 03:30:20.392+0000 INFO [o.n.k.i.DiagnosticsManager]   logs:
2019-05-28 03:30:20.392+0000 INFO [o.n.k.i.DiagnosticsManager]     debug.log: 2019-05-28T13:30:20+1000 - 37.98 kB
2019-05-28 03:30:20.392+0000 INFO [o.n.k.i.DiagnosticsManager]   - Total: 2019-05-28T13:30:18+1000 - 37.98 kB
2019-05-28 03:30:20.393+0000 INFO [o.n.k.i.DiagnosticsManager]   neostore: 2019-05-28T13:30:19+1000 - 8.00 kB
2019-05-28 03:30:20.393+0000 INFO [o.n.k.i.DiagnosticsManager]   neostore.counts.db.a: 2019-05-28T13:30:19+1000 - 96.00 B
2019-05-28 03:30:20.393+0000 INFO [o.n.k.i.DiagnosticsManager]   neostore.id: 2019-05-28T13:30:19+1000 - 9.00 B
2019-05-28 03:30:20.393+0000 INFO [o.n.k.i.DiagnosticsManager]   neostore.labelscanstore.db: 2019-05-28T13:30:19+1000 - 40.00 kB
2019-05-28 03:30:20.393+0000 INFO [o.n.k.i.DiagnosticsManager]   neostore.labeltokenstore.db: 2019-05-28T13:30:19+1000 - 0.00 B
2019-05-28 03:30:20.394+0000 INFO [o.n.k.i.DiagnosticsManager]   neostore.labeltokenstore.db.id: 2019-05-28T13:30:19+1000 - 9.00 B
2019-05-28 03:30:20.394+0000 INFO [o.n.k.i.DiagnosticsManager]   neostore.labeltokenstore.db.names: 2019-05-28T13:30:19+1000 - 8.00 kB
2019-05-28 03:30:20.394+0000 INFO [o.n.k.i.DiagnosticsManager]   neostore.labeltokenstore.db.names.id: 2019-05-28T13:30:19+1000 - 9.00 B
2019-05-28 03:30:20.394+0000 INFO [o.n.k.i.DiagnosticsManager]   neostore.nodestore.db: 2019-05-28T13:30:19+1000 - 0.00 B
2019-05-28 03:30:20.395+0000 INFO [o.n.k.i.DiagnosticsManager]   neostore.nodestore.db.id: 2019-05-28T13:30:19+1000 - 9.00 B
2019-05-28 03:30:20.395+0000 INFO [o.n.k.i.DiagnosticsManager]   neostore.nodestore.db.labels: 2019-05-28T13:30:19+1000 - 8.00 kB
2019-05-28 03:30:20.395+0000 INFO [o.n.k.i.DiagnosticsManager]   neostore.nodestore.db.labels.id: 2019-05-28T13:30:19+1000 - 9.00 B
2019-05-28 03:30:20.396+0000 INFO [o.n.k.i.DiagnosticsManager]   neostore.propertystore.db: 2019-05-28T13:30:19+1000 - 0.00 B
2019-05-28 03:30:20.396+0000 INFO [o.n.k.i.DiagnosticsManager]   neostore.propertystore.db.arrays: 2019-05-28T13:30:19+1000 - 8.00 kB
2019-05-28 03:30:20.396+0000 INFO [o.n.k.i.DiagnosticsManager]   neostore.propertystore.db.arrays.id: 2019-05-28T13:30:19+1000 - 9.00 B
2019-05-28 03:30:20.397+0000 INFO [o.n.k.i.DiagnosticsManager]   neostore.propertystore.db.id: 2019-05-28T13:30:19+1000 - 9.00 B
2019-05-28 03:30:20.397+0000 INFO [o.n.k.i.DiagnosticsManager]   neostore.propertystore.db.index: 2019-05-28T13:30:19+1000 - 0.00 B
2019-05-28 03:30:20.397+0000 INFO [o.n.k.i.DiagnosticsManager]   neostore.propertystore.db.index.id: 2019-05-28T13:30:19+1000 - 9.00 B
2019-05-28 03:30:20.397+0000 INFO [o.n.k.i.DiagnosticsManager]   neostore.propertystore.db.index.keys: 2019-05-28T13:30:19+1000 - 8.00 kB
2019-05-28 03:30:20.398+0000 INFO [o.n.k.i.DiagnosticsManager]   neostore.propertystore.db.index.keys.id: 2019-05-28T13:30:19+1000 - 9.00 B
2019-05-28 03:30:20.398+0000 INFO [o.n.k.i.DiagnosticsManager]   neostore.propertystore.db.strings: 2019-05-28T13:30:19+1000 - 8.00 kB
2019-05-28 03:30:20.398+0000 INFO [o.n.k.i.DiagnosticsManager]   neostore.propertystore.db.strings.id: 2019-05-28T13:30:19+1000 - 9.00 B
2019-05-28 03:30:20.398+0000 INFO [o.n.k.i.DiagnosticsManager]   neostore.relationshipgroupstore.db: 2019-05-28T13:30:19+1000 - 8.00 kB
2019-05-28 03:30:20.399+0000 INFO [o.n.k.i.DiagnosticsManager]   neostore.relationshipgroupstore.db.id: 2019-05-28T13:30:19+1000 - 9.00 B
2019-05-28 03:30:20.399+0000 INFO [o.n.k.i.DiagnosticsManager]   neostore.relationshipstore.db: 2019-05-28T13:30:19+1000 - 0.00 B
2019-05-28 03:30:20.399+0000 INFO [o.n.k.i.DiagnosticsManager]   neostore.relationshipstore.db.id: 2019-05-28T13:30:19+1000 - 9.00 B
2019-05-28 03:30:20.400+0000 INFO [o.n.k.i.DiagnosticsManager]   neostore.relationshiptypestore.db: 2019-05-28T13:30:19+1000 - 0.00 B
2019-05-28 03:30:20.400+0000 INFO [o.n.k.i.DiagnosticsManager]   neostore.relationshiptypestore.db.id: 2019-05-28T13:30:19+1000 - 9.00 B
2019-05-28 03:30:20.400+0000 INFO [o.n.k.i.DiagnosticsManager]   neostore.relationshiptypestore.db.names: 2019-05-28T13:30:19+1000 - 8.00 kB
2019-05-28 03:30:20.400+0000 INFO [o.n.k.i.DiagnosticsManager]   neostore.relationshiptypestore.db.names.id: 2019-05-28T13:30:19+1000 - 9.00 B
2019-05-28 03:30:20.401+0000 INFO [o.n.k.i.DiagnosticsManager]   neostore.schemastore.db: 2019-05-28T13:30:19+1000 - 8.00 kB
2019-05-28 03:30:20.401+0000 INFO [o.n.k.i.DiagnosticsManager]   neostore.schemastore.db.id: 2019-05-28T13:30:19+1000 - 9.00 B
2019-05-28 03:30:20.401+0000 INFO [o.n.k.i.DiagnosticsManager]   neostore.transaction.db.0: 2019-05-28T13:30:19+1000 - 16.00 B
2019-05-28 03:30:20.401+0000 INFO [o.n.k.i.DiagnosticsManager]   store_lock: 2019-05-28T13:30:19+1000 - 0.00 B
2019-05-28 03:30:20.401+0000 INFO [o.n.k.i.DiagnosticsManager] Storage summary: 
2019-05-28 03:30:20.401+0000 INFO [o.n.k.i.DiagnosticsManager]   Total size of store: 150.22 kB
2019-05-28 03:30:20.401+0000 INFO [o.n.k.i.DiagnosticsManager]   Total size of mapped files: 112.00 kB
2019-05-28 03:30:20.402+0000 INFO [o.n.k.i.DiagnosticsManager] --- STARTED diagnostics for KernelDiagnostics:StoreFiles END ---
2019-05-28 03:48:00.231+0000 INFO [o.n.k.i.t.l.c.CheckPointerImpl] Check Pointing triggered by scheduler for time threshold [10]:  Starting check pointing...
2019-05-28 03:48:00.232+0000 INFO [o.n.k.i.t.l.c.CheckPointerImpl] Check Pointing triggered by scheduler for time threshold [10]:  Starting store flush...
2019-05-28 03:48:00.250+0000 INFO [o.n.k.i.s.c.CountsTracker] About to rotate counts store at transaction 10 to [/Users/emma/Desktop/TutorMonash/FIT5171/Assignments/Assignment_3/a3_code/target/rockets/neostore.counts.db.b], from [/Users/emma/Desktop/TutorMonash/FIT5171/Assignments/Assignment_3/a3_code/target/rockets/neostore.counts.db.a].
2019-05-28 03:48:00.252+0000 INFO [o.n.k.i.s.c.CountsTracker] Successfully rotated counts store at transaction 10 to [/Users/emma/Desktop/TutorMonash/FIT5171/Assignments/Assignment_3/a3_code/target/rockets/neostore.counts.db.b], from [/Users/emma/Desktop/TutorMonash/FIT5171/Assignments/Assignment_3/a3_code/target/rockets/neostore.counts.db.a].
2019-05-28 03:48:00.297+0000 INFO [o.n.k.i.t.l.c.CheckPointerImpl] Check Pointing triggered by scheduler for time threshold [10]:  Store flush completed
2019-05-28 03:48:00.298+0000 INFO [o.n.k.i.t.l.c.CheckPointerImpl] Check Pointing triggered by scheduler for time threshold [10]:  Starting appending check point entry into the tx log...
2019-05-28 03:48:00.302+0000 INFO [o.n.k.i.t.l.c.CheckPointerImpl] Check Pointing triggered by scheduler for time threshold [10]:  Appending check point entry into the tx log completed
2019-05-28 03:48:00.303+0000 INFO [o.n.k.i.t.l.c.CheckPointerImpl] Check Pointing triggered by scheduler for time threshold [10]:  Check pointing completed
2019-05-28 03:48:00.303+0000 INFO [o.n.k.i.t.l.p.LogPruningImpl] Log Rotation [0]:  Starting log pruning.
2019-05-28 03:48:00.305+0000 INFO [o.n.k.i.t.l.p.LogPruningImpl] Log Rotation [0]:  Log pruning complete.
2019-05-28 06:32:11.403+0000 INFO [o.n.k.i.f.GraphDatabaseFacadeFactory] Shutdown started
2019-05-28 06:32:11.412+0000 INFO [o.n.k.i.f.GraphDatabaseFacadeFactory] Database is now unavailable
2019-05-28 06:32:11.451+0000 INFO [o.n.k.i.t.l.c.CheckPointerImpl] Check Pointing triggered by database shutdown [10]:  Starting check pointing...
2019-05-28 06:32:11.451+0000 INFO [o.n.k.i.t.l.c.CheckPointerImpl] Check Pointing triggered by database shutdown [10]:  Starting store flush...
2019-05-28 06:32:11.477+0000 INFO [o.n.k.i.t.l.c.CheckPointerImpl] Check Pointing triggered by database shutdown [10]:  Store flush completed
2019-05-28 06:32:11.479+0000 INFO [o.n.k.i.t.l.c.CheckPointerImpl] Check Pointing triggered by database shutdown [10]:  Starting appending check point entry into the tx log...
2019-05-28 06:32:11.485+0000 INFO [o.n.k.i.t.l.c.CheckPointerImpl] Check Pointing triggered by database shutdown [10]:  Appending check point entry into the tx log completed
2019-05-28 06:32:11.486+0000 INFO [o.n.k.i.t.l.c.CheckPointerImpl] Check Pointing triggered by database shutdown [10]:  Check pointing completed
2019-05-28 06:32:11.487+0000 INFO [o.n.k.i.t.l.p.LogPruningImpl] Log Rotation [0]:  Starting log pruning.
2019-05-28 06:32:11.487+0000 INFO [o.n.k.i.t.l.p.LogPruningImpl] Log Rotation [0]:  Log pruning complete.
2019-05-28 06:32:11.606+0000 INFO [o.n.k.i.DiagnosticsManager] --- STOPPING diagnostics START ---
2019-05-28 06:32:11.607+0000 INFO [o.n.k.i.DiagnosticsManager] --- STOPPING diagnostics END ---
